Arguments: 
  /home/lucasmacedo/.nvm/versions/node/v12.18.4/bin/node /usr/share/yarn/bin/yarn.js init

PATH: 
  /home/lucasmacedo/.nvm/versions/node/v12.18.4/bin:/home/lucasmacedo/.vscode-server/bin/e5e9e69aed6e1984f7499b7af85b3d05f9a6883a/bin:/home/lucasmacedo/.zinit/polaris/sbin:/home/lucasmacedo/.zinit/polaris/bin:/usr/local/sbin:/usr/local/bin:/usr/sbin:/usr/bin:/sbin:/bin:/usr/games:/usr/local/games:/mnt/c/tools/ruby27/bin:/mnt/c/Windows/system32:/mnt/c/Windows:/mnt/c/Windows/System32/Wbem:/mnt/c/Windows/System32/WindowsPowerShell/v1.0/:/mnt/c/Windows/System32/OpenSSH/:/mnt/c/Program Files/Git/cmd:/mnt/c/ProgramData/chocolatey/bin:/mnt/c/Program Files (x86)/Yarn/bin/:/mnt/c/Users/lucasmacedo/AppData/Roaming/nvm:/mnt/c/Program Files/nodejs:/mnt/c/Program Files/PuTTY/:/mnt/c/Program Files/Docker/Docker/resources/bin:/mnt/c/ProgramData/DockerDesktop/version-bin:/mnt/c/Users/lucasmacedo/AppData/Local/Microsoft/WindowsApps:/mnt/c/Users/lucasmacedo/AppData/Local/Programs/Microsoft VS Code/bin:/mnt/c/Users/lucasmacedo/AppData/Roaming/npm:/mnt/c/Users/lucasmacedo/AppData/Local/Yarn/bin:/mnt/c/Users/lucasmacedo/AppData/Roaming/nvm:/mnt/c/Program Files/nodejs:/mnt/c/Program Files/heroku/bin:/usr/share/rvm/bin

Yarn version: 
  1.22.5

Node version: 
  12.18.4

Platform: 
  linux x64

Trace: 
  Error: canceled
      at Interface.<anonymous> (/usr/share/yarn/lib/cli.js:137009:13)
      at Interface.emit (events.js:315:20)
      at Interface._ttyWrite (readline.js:868:16)
      at ReadStream.onkeypress (readline.js:205:10)
      at ReadStream.emit (events.js:315:20)
      at emitKeys (internal/readline/utils.js:335:14)
      at emitKeys.next (<anonymous>)
      at ReadStream.onData (readline.js:1137:36)
      at ReadStream.emit (events.js:315:20)
      at addChunk (_stream_readable.js:295:12)

npm manifest: 
  No manifest

yarn manifest: 
  No manifest

Lockfile: 
  No lockfile
